432c start_logger              160 ---- 2023/11/06 02:13:38.033 -------------------------------------------------
432c start_logger              166 Host process is 'cmd.exe' (pid 17196)
432c start_logger              170 DLL path is 'D:\lravel\prgect lravel\cmder\vendor\clink'
432c start_logger              185 Windows version 10.0.22621 (x64)
432c start_logger              187 Clink version 1.5.1.1e9e51 (x64)
432c hook_setter::hook_setter  159 >>> Started hook transaction.
432c hook_setter::attach_iat   316 Attempting to hook SetEnvironmentVariableW in IAT for module 00007FF730940000.
432c pe_info::iterate_imports  195 Found import in 'api-ms-win-core-processenvironment-l1-1-0.dll'
432c find_iat                  124 Found import at 00007FF730976E98 (value is 00007FF87D96E470).
432c hook_setter::attach_iat   316 Attempting to hook WriteConsoleW in IAT for module 00007FF730940000.
432c pe_info::iterate_imports  195 Found import in 'api-ms-win-core-console-l1-1-0.dll'
432c find_iat                  124 Found import at 00007FF730976AF0 (value is 00007FF87D932F70).
432c hook_setter::attach_iat   316 Attempting to hook GetEnvironmentVariableW in IAT for module 00007FF730940000.
432c pe_info::iterate_imports  195 Found import in 'api-ms-win-core-processenvironment-l1-1-0.dll'
432c find_iat                  124 Found import at 00007FF730976E68 (value is 00007FF87D91BC30).
432c hook_setter::commit       207 <<< Hook transaction committed.
432c hook_setter::hook_setter  159 >>> Started hook transaction.
432c hook_setter::detach_iat   359 Attempting to unhook 00007FFFFBA9B0F0 from GetEnvironmentVariableW in IAT for module 00007FF730940000.
432c pe_info::iterate_imports  195 Found import in 'api-ms-win-core-processenvironment-l1-1-0.dll'
432c find_iat                  124 Found import at 00007FF730976E68 (value is 00007FFFFBA9B0F0).
432c hook_setter::commit       207 <<< Hook transaction committed.
432c hook_setter::hook_setter  159 >>> Started hook transaction.
432c hook_setter::attach_iat   316 Attempting to hook ReadConsoleW in IAT for module 00007FF730940000.
432c pe_info::iterate_imports  195 Found import in 'api-ms-win-core-console-l1-1-0.dll'
432c find_iat                  124 Found import at 00007FF730976AE8 (value is 00007FF87D9A53B0).
432c hook_setter::commit       207 <<< Hook transaction committed.
432c hook_setter::hook_setter  159 >>> Started hook transaction.
432c hook_setter::attach_iat   316 Attempting to hook SetConsoleTitleW in IAT for module 00007FF730940000.
432c pe_info::iterate_imports  195 Found import in 'api-ms-win-core-console-l2-2-0.dll'
432c find_iat                  124 Found import at 00007FF730976B48 (value is 00007FF87D9A5E40).
432c hook_setter::commit       207 <<< Hook transaction committed.
432c win_screen_buffer::begin  297 Using native terminal support (auto mode found 'ConEmuHk64.dll').
432c reset_handle              144 resetting mismatched stdin handle
432c reset_handle              144 resetting mismatched stdout handle
432c reset_handle              144 resetting mismatched stderr handle
432c reset_handle              144 resetting mismatched stdout handle
432c reset_handle              144 resetting mismatched stderr handle
432c host_lua::load_scripts    158 Loaded 2 Lua scripts in 25 ms
432c ={update.lua}               0 Clink updater: too soon to check for updates (1699227099 vs 1699229618).
432c history_db::initialise   1264 master bank ctag: |CTAG_1699227090_1735003828_17104_0
432c history_db::compact      1526 History:  0 active, 0 deleted
432c reset_handle              144 resetting mismatched stdout handle
432c reset_handle              144 resetting mismatched stderr handle
432c history_db::compact      1526 History:  0 active, 0 deleted
